2020-10-01 17:52:14 INFO  Version:44 - HHH000412: Hibernate ORM core version 5.4.21.Final
2020-10-01 17:52:14 INFO  Version:49 - HCANN000001: Hibernate Commons Annotations {5.1.0.Final}
2020-10-01 17:52:14 INFO  Dialect:170 - HHH000400: Using dialect: org.hibernate.dialect.HSQLDialect
2020-10-01 17:52:15 DEBUG SQL:128 - drop table if exists Phone CASCADE 
2020-10-01 17:52:15 DEBUG SQL:128 - create table Phone (id bigint generated by default as identity (start with 1), color varchar(255), countryManufactured varchar(255), maker varchar(255), model varchar(255), os varchar(255), primary key (id))
2020-10-01 17:52:15 INFO  JtaPlatformInitiator:52 - HHH000490: Using JtaPlatform implementation: [org.hibernate.engine.transaction.jta.platform.internal.NoJtaPlatform]
2020-10-01 17:52:15 INFO  Dialect:170 - HHH000400: Using dialect: org.hibernate.dialect.HSQLDialect
2020-10-01 17:52:15 DEBUG SQL:128 - drop table if exists Phone CASCADE 
2020-10-01 17:52:15 DEBUG SQL:128 - create table Phone (id bigint generated by default as identity (start with 1), color varchar(255), countryManufactured varchar(255), maker varchar(255), model varchar(255), os varchar(255), primary key (id))
2020-10-01 17:52:15 INFO  JtaPlatformInitiator:52 - HHH000490: Using JtaPlatform implementation: [org.hibernate.engine.transaction.jta.platform.internal.NoJtaPlatform]
2020-10-01 17:52:15 INFO  Dialect:170 - HHH000400: Using dialect: org.hibernate.dialect.HSQLDialect
2020-10-01 17:52:15 DEBUG SQL:128 - drop table if exists Phone CASCADE 
2020-10-01 17:52:15 DEBUG SQL:128 - create table Phone (id bigint generated by default as identity (start with 1), color varchar(255), countryManufactured varchar(255), maker varchar(255), model varchar(255), os varchar(255), primary key (id))
2020-10-01 17:52:15 INFO  JtaPlatformInitiator:52 - HHH000490: Using JtaPlatform implementation: [org.hibernate.engine.transaction.jta.platform.internal.NoJtaPlatform]
2020-10-01 17:52:15 INFO  Dialect:170 - HHH000400: Using dialect: org.hibernate.dialect.HSQLDialect
2020-10-01 17:52:15 DEBUG SQL:128 - drop table if exists Phone CASCADE 
2020-10-01 17:52:15 DEBUG SQL:128 - create table Phone (id bigint generated by default as identity (start with 1), color varchar(255), countryManufactured varchar(255), maker varchar(255), model varchar(255), os varchar(255), primary key (id))
2020-10-01 17:52:15 INFO  JtaPlatformInitiator:52 - HHH000490: Using JtaPlatform implementation: [org.hibernate.engine.transaction.jta.platform.internal.NoJtaPlatform]
2020-10-01 17:52:15 INFO  Dialect:170 - HHH000400: Using dialect: org.hibernate.dialect.HSQLDialect
2020-10-01 17:52:15 DEBUG SQL:128 - drop table if exists Phone CASCADE 
2020-10-01 17:52:15 DEBUG SQL:128 - create table Phone (id bigint generated by default as identity (start with 1), color varchar(255), countryManufactured varchar(255), maker varchar(255), model varchar(255), os varchar(255), primary key (id))
2020-10-01 17:52:15 INFO  JtaPlatformInitiator:52 - HHH000490: Using JtaPlatform implementation: [org.hibernate.engine.transaction.jta.platform.internal.NoJtaPlatform]
2020-10-01 17:52:15 INFO  Dialect:170 - HHH000400: Using dialect: org.hibernate.dialect.HSQLDialect
2020-10-01 17:52:15 DEBUG SQL:128 - drop table if exists Phone CASCADE 
2020-10-01 17:52:15 DEBUG SQL:128 - create table Phone (id bigint generated by default as identity (start with 1), color varchar(255), countryManufactured varchar(255), maker varchar(255), model varchar(255), os varchar(255), primary key (id))
2020-10-01 17:52:15 INFO  JtaPlatformInitiator:52 - HHH000490: Using JtaPlatform implementation: [org.hibernate.engine.transaction.jta.platform.internal.NoJtaPlatform]
2020-10-01 17:52:15 INFO  Dialect:170 - HHH000400: Using dialect: org.hibernate.dialect.HSQLDialect
2020-10-01 17:52:15 DEBUG SQL:128 - drop table if exists Phone CASCADE 
2020-10-01 17:52:15 DEBUG SQL:128 - create table Phone (id bigint generated by default as identity (start with 1), color varchar(255), countryManufactured varchar(255), maker varchar(255), model varchar(255), os varchar(255), primary key (id))
2020-10-01 17:52:15 INFO  JtaPlatformInitiator:52 - HHH000490: Using JtaPlatform implementation: [org.hibernate.engine.transaction.jta.platform.internal.NoJtaPlatform]
